app/build/intermediates/manifest_merge_blame_file/release/processReleaseMainManifest/manifest-merger-blame-release-report.txt
1<?xml version="1.0" encoding="utf-8"?>
2<manifest xmlns:android="http://schemas.android.com/apk/res/android"
3    package="com.kaze"
4    android:versionCode="60"
5    android:versionName="2.7.4" >
6
7    <uses-sdk
8        android:minSdkVersion="24"
9        android:targetSdkVersion="35" />
10
11    <uses-permission android:name="android.permission.INTERNET" />
11-->src/main/AndroidManifest.xml:4:5-67
11-->src/main/AndroidManifest.xml:4:22-64
12    <uses-permission android:name="android.permission.REQUEST_INSTALL_PACKAGES" />
12-->src/main/AndroidManifest.xml:5:5-83
12-->src/main/AndroidManifest.xml:5:22-80
13    <uses-permission android:name="android.permission.POST_NOTIFICATIONS" />
13-->src/main/AndroidManifest.xml:6:5-77
13-->src/main/AndroidManifest.xml:6:22-74
14    <uses-permission android:name="android.permission.VIBRATE" />
14-->src/main/AndroidManifest.xml:7:5-66
14-->src/main/AndroidManifest.xml:7:22-63
15    <uses-permission android:name="android.permission.ACCESS_NETWORK_STATE" />
15-->[com.google.firebase:firebase-messaging:24.0.0] AndroidManifest.xml:22:5-79
15-->[com.google.firebase:firebase-messaging:24.0.0] AndroidManifest.xml:22:22-76
16    <uses-permission android:name="android.permission.WAKE_LOCK" /> <!-- Required by older versions of Google Play services to create IID tokens -->
16-->[com.google.firebase:firebase-messaging:24.0.0] AndroidManifest.xml:24:5-68
16-->[com.google.firebase:firebase-messaging:24.0.0] AndroidManifest.xml:24:22-65
17    <uses-permission android:name="com.google.android.c2dm.permission.RECEIVE" />
17-->[com.google.firebase:firebase-messaging:24.0.0] AndroidManifest.xml:26:5-82
17-->[com.google.firebase:firebase-messaging:24.0.0] AndroidManifest.xml:26:22-79
18    <uses-permission android:name="android.permission.RECEIVE_BOOT_COMPLETED" />
18-->[androidx.work:work-runtime:2.10.0] AndroidManifest.xml:25:5-81
18-->[androidx.work:work-runtime:2.10.0] AndroidManifest.xml:25:22-78
19    <uses-permission android:name="android.permission.FOREGROUND_SERVICE" />
19-->[androidx.work:work-runtime:2.10.0] AndroidManifest.xml:26:5-77
19-->[androidx.work:work-runtime:2.10.0] AndroidManifest.xml:26:22-74
20
21    <permission
21-->[androidx.core:core:1.15.0] AndroidManifest.xml:22:5-24:47
22        android:name="com.kaze.DYNAMIC_RECEIVER_NOT_EXPORTED_PERMISSION"
22-->[androidx.core:core:1.15.0] AndroidManifest.xml:23:9-81
23        android:protectionLevel="signature" />
23-->[androidx.core:core:1.15.0] AndroidManifest.xml:24:9-44
24
25    <uses-permission android:name="com.kaze.DYNAMIC_RECEIVER_NOT_EXPORTED_PERMISSION" />
25-->[androidx.core:core:1.15.0] AndroidManifest.xml:26:5-97
25-->[androidx.core:core:1.15.0] AndroidManifest.xml:26:22-94
26
27    <application
27-->src/main/AndroidManifest.xml:9:5-58:19
28        android:name="com.kaze.WatchLaterApp"
28-->src/main/AndroidManifest.xml:10:9-38
29        android:allowBackup="true"
29-->src/main/AndroidManifest.xml:11:9-35
30        android:appComponentFactory="androidx.core.app.CoreComponentFactory"
30-->[androidx.core:core:1.15.0] AndroidManifest.xml:28:18-86
31        android:extractNativeLibs="false"
32        android:icon="@mipmap/ic_launcher"
32-->src/main/AndroidManifest.xml:12:9-43
33        android:label="@string/app_name"
33-->src/main/AndroidManifest.xml:14:9-41
34        android:roundIcon="@mipmap/ic_launcher_round"
34-->src/main/AndroidManifest.xml:13:9-54
35        android:supportsRtl="true"
35-->src/main/AndroidManifest.xml:15:9-35
36        android:theme="@style/Theme.WatchLater" >
36-->src/main/AndroidManifest.xml:16:9-48
37        <activity
37-->src/main/AndroidManifest.xml:18:9-38:20
38            android:name="com.kaze.MainActivity"
38-->src/main/AndroidManifest.xml:19:13-41
39            android:exported="true"
39-->src/main/AndroidManifest.xml:20:13-36
40            android:theme="@style/Theme.WatchLater.Splash"
40-->src/main/AndroidManifest.xml:22:13-59
41            android:windowSoftInputMode="adjustResize" >
41-->src/main/AndroidManifest.xml:21:13-55
42
43            <!-- App launcher -->
44            <intent-filter>
44-->src/main/AndroidManifest.xml:24:13-27:29
45                <action android:name="android.intent.action.MAIN" />
45-->src/main/AndroidManifest.xml:25:17-69
45-->src/main/AndroidManifest.xml:25:25-66
46
47                <category android:name="android.intent.category.LAUNCHER" />
47-->src/main/AndroidManifest.xml:26:17-77
47-->src/main/AndroidManifest.xml:26:27-74
48            </intent-filter>
49            <!-- Deep links: https://kenzbilal.github.io/Kaze/u/{username} -->
50            <intent-filter android:autoVerify="true" >
50-->src/main/AndroidManifest.xml:29:13-37:29
50-->src/main/AndroidManifest.xml:29:28-53
51                <action android:name="android.intent.action.VIEW" />
51-->src/main/AndroidManifest.xml:30:17-69
51-->src/main/AndroidManifest.xml:30:25-66
52
53                <category android:name="android.intent.category.DEFAULT" />
53-->src/main/AndroidManifest.xml:31:17-76
53-->src/main/AndroidManifest.xml:31:27-73
54                <category android:name="android.intent.category.BROWSABLE" />
54-->src/main/AndroidManifest.xml:32:17-78
54-->src/main/AndroidManifest.xml:32:27-75
55
56                <data
56-->src/main/AndroidManifest.xml:33:17-36:52
57                    android:host="kenzbilal.github.io"
57-->src/main/AndroidManifest.xml:35:21-55
58                    android:pathPrefix="/Kaze/u"
58-->src/main/AndroidManifest.xml:36:21-49
59                    android:scheme="https" />
59-->src/main/AndroidManifest.xml:34:21-43
60            </intent-filter>
61        </activity>
62
63        <provider
64            android:name="androidx.core.content.FileProvider"
64-->src/main/AndroidManifest.xml:41:13-62
65            android:authorities="com.kaze.fileprovider"
65-->src/main/AndroidManifest.xml:42:13-64
66            android:exported="false"
66-->src/main/AndroidManifest.xml:43:13-37
67            android:grantUriPermissions="true" >
67-->src/main/AndroidManifest.xml:44:13-47
68            <meta-data
68-->src/main/AndroidManifest.xml:45:13-47:53
69                android:name="android.support.FILE_PROVIDER_PATHS"
69-->src/main/AndroidManifest.xml:46:17-67
70                android:resource="@xml/filepaths" />
70-->src/main/AndroidManifest.xml:47:17-50
71        </provider>
72
73        <service
73-->src/main/AndroidManifest.xml:50:9-56:19
74            android:name="com.kaze.service.KazeMessagingService"
74-->src/main/AndroidManifest.xml:51:13-57
75            android:exported="false" >
75-->src/main/AndroidManifest.xml:52:13-37
76            <intent-filter>
76-->src/main/AndroidManifest.xml:53:13-55:29
77                <action android:name="com.google.firebase.MESSAGING_EVENT" />
77-->src/main/AndroidManifest.xml:54:17-78
77-->src/main/AndroidManifest.xml:54:25-75
78            </intent-filter>
79        </service>
80        <service
80-->[com.google.firebase:firebase-messaging-ktx:24.0.0] AndroidManifest.xml:23:9-29:19
81            android:name="com.google.firebase.components.ComponentDiscoveryService"
81-->[com.google.firebase:firebase-messaging-ktx:24.0.0] AndroidManifest.xml:24:13-84
82            android:directBootAware="true"
82-->[com.google.firebase:firebase-common:21.0.0] AndroidManifest.xml:32:13-43
83            android:exported="false" >
83-->[com.google.firebase:firebase-messaging-ktx:24.0.0] AndroidManifest.xml:25:13-37
84            <meta-data
84-->[com.google.firebase:firebase-messaging-ktx:24.0.0] AndroidManifest.xml:26:13-28:85
85                android:name="com.google.firebase.components:com.google.firebase.messaging.ktx.FirebaseMessagingLegacyRegistrar"
85-->[com.google.firebase:firebase-messaging-ktx:24.0.0] AndroidManifest.xml:27:17-129
86                android:value="com.google.firebase.components.ComponentRegistrar" />
86-->[com.google.firebase:firebase-messaging-ktx:24.0.0] AndroidManifest.xml:28:17-82
87            <meta-data
87-->[com.google.firebase:firebase-messaging:24.0.0] AndroidManifest.xml:57:13-59:85
88                android:name="com.google.firebase.components:com.google.firebase.messaging.FirebaseMessagingKtxRegistrar"
88-->[com.google.firebase:firebase-messaging:24.0.0] AndroidManifest.xml:58:17-122
89                android:value="com.google.firebase.components.ComponentRegistrar" />
89-->[com.google.firebase:firebase-messaging:24.0.0] AndroidManifest.xml:59:17-82
90            <meta-data
90-->[com.google.firebase:firebase-messaging:24.0.0] AndroidManifest.xml:60:13-62:85
91                android:name="com.google.firebase.components:com.google.firebase.messaging.FirebaseMessagingRegistrar"
91-->[com.google.firebase:firebase-messaging:24.0.0] AndroidManifest.xml:61:17-119
92                android:value="com.google.firebase.components.ComponentRegistrar" />
92-->[com.google.firebase:firebase-messaging:24.0.0] AndroidManifest.xml:62:17-82
93            <meta-data
93-->[com.google.firebase:firebase-installations:18.0.0] AndroidManifest.xml:15:13-17:85
94                android:name="com.google.firebase.components:com.google.firebase.installations.FirebaseInstallationsKtxRegistrar"
94-->[com.google.firebase:firebase-installations:18.0.0] AndroidManifest.xml:16:17-130
95                android:value="com.google.firebase.components.ComponentRegistrar" />
95-->[com.google.firebase:firebase-installations:18.0.0] AndroidManifest.xml:17:17-82
96            <meta-data
96-->[com.google.firebase:firebase-installations:18.0.0] AndroidManifest.xml:18:13-20:85
97                android:name="com.google.firebase.components:com.google.firebase.installations.FirebaseInstallationsRegistrar"
97-->[com.google.firebase:firebase-installations:18.0.0] AndroidManifest.xml:19:17-127
98                android:value="com.google.firebase.components.ComponentRegistrar" />
98-->[com.google.firebase:firebase-installations:18.0.0] AndroidManifest.xml:20:17-82
99            <meta-data
99-->[com.google.firebase:firebase-common-ktx:21.0.0] AndroidManifest.xml:12:13-14:85
100                android:name="com.google.firebase.components:com.google.firebase.ktx.FirebaseCommonLegacyRegistrar"
100-->[com.google.firebase:firebase-common-ktx:21.0.0] AndroidManifest.xml:13:17-116
101                android:value="com.google.firebase.components.ComponentRegistrar" />
101-->[com.google.firebase:firebase-common-ktx:21.0.0] AndroidManifest.xml:14:17-82
102            <meta-data
102-->[com.google.firebase:firebase-common:21.0.0] AndroidManifest.xml:35:13-37:85
103                android:name="com.google.firebase.components:com.google.firebase.FirebaseCommonKtxRegistrar"
103-->[com.google.firebase:firebase-common:21.0.0] AndroidManifest.xml:36:17-109
104                android:value="com.google.firebase.components.ComponentRegistrar" />
104-->[com.google.firebase:firebase-common:21.0.0] AndroidManifest.xml:37:17-82
105            <meta-data
105-->[com.google.firebase:firebase-datatransport:18.2.0] AndroidManifest.xml:25:13-27:85
106                android:name="com.google.firebase.components:com.google.firebase.datatransport.TransportRegistrar"
106-->[com.google.firebase:firebase-datatransport:18.2.0] AndroidManifest.xml:26:17-115
107                android:value="com.google.firebase.components.ComponentRegistrar" />
107-->[com.google.firebase:firebase-datatransport:18.2.0] AndroidManifest.xml:27:17-82
108        </service>
109
110        <receiver
110-->[com.google.firebase:firebase-messaging:24.0.0] AndroidManifest.xml:29:9-40:20
111            android:name="com.google.firebase.iid.FirebaseInstanceIdReceiver"
111-->[com.google.firebase:firebase-messaging:24.0.0] AndroidManifest.xml:30:13-78
112            android:exported="true"
112-->[com.google.firebase:firebase-messaging:24.0.0] AndroidManifest.xml:31:13-36
113            android:permission="com.google.android.c2dm.permission.SEND" >
113-->[com.google.firebase:firebase-messaging:24.0.0] AndroidManifest.xml:32:13-73
114            <intent-filter>
114-->[com.google.firebase:firebase-messaging:24.0.0] AndroidManifest.xml:33:13-35:29
115                <action android:name="com.google.android.c2dm.intent.RECEIVE" />
115-->[com.google.firebase:firebase-messaging:24.0.0] AndroidManifest.xml:34:17-81
115-->[com.google.firebase:firebase-messaging:24.0.0] AndroidManifest.xml:34:25-78
116            </intent-filter>
117
118            <meta-data
118-->[com.google.firebase:firebase-messaging:24.0.0] AndroidManifest.xml:37:13-39:40
119                android:name="com.google.android.gms.cloudmessaging.FINISHED_AFTER_HANDLED"
119-->[com.google.firebase:firebase-messaging:24.0.0] AndroidManifest.xml:38:17-92
120                android:value="true" />
120-->[com.google.firebase:firebase-messaging:24.0.0] AndroidManifest.xml:39:17-37
121        </receiver>
122        <!--
123             FirebaseMessagingService performs security checks at runtime,
124             but set to not exported to explicitly avoid allowing another app to call it.
125        -->
126        <service
126-->[com.google.firebase:firebase-messaging:24.0.0] AndroidManifest.xml:46:9-53:19
127            android:name="com.google.firebase.messaging.FirebaseMessagingService"
127-->[com.google.firebase:firebase-messaging:24.0.0] AndroidManifest.xml:47:13-82
128            android:directBootAware="true"
128-->[com.google.firebase:firebase-messaging:24.0.0] AndroidManifest.xml:48:13-43
129            android:exported="false" >
129-->[com.google.firebase:firebase-messaging:24.0.0] AndroidManifest.xml:49:13-37
130            <intent-filter android:priority="-500" >
130-->src/main/AndroidManifest.xml:53:13-55:29
131                <action android:name="com.google.firebase.MESSAGING_EVENT" />
131-->src/main/AndroidManifest.xml:54:17-78
131-->src/main/AndroidManifest.xml:54:25-75
132            </intent-filter>
133        </service>
134
135        <activity
135-->[com.google.android.gms:play-services-base:18.0.1] AndroidManifest.xml:20:9-22:45
136            android:name="com.google.android.gms.common.api.GoogleApiActivity"
136-->[com.google.android.gms:play-services-base:18.0.1] AndroidManifest.xml:20:19-85
137            android:exported="false"
137-->[com.google.android.gms:play-services-base:18.0.1] AndroidManifest.xml:22:19-43
138            android:theme="@android:style/Theme.Translucent.NoTitleBar" />
138-->[com.google.android.gms:play-services-base:18.0.1] AndroidManifest.xml:21:19-78
139
140        <provider
140-->[com.google.firebase:firebase-common:21.0.0] AndroidManifest.xml:23:9-28:39
141            android:name="com.google.firebase.provider.FirebaseInitProvider"
141-->[com.google.firebase:firebase-common:21.0.0] AndroidManifest.xml:24:13-77
142            android:authorities="com.kaze.firebaseinitprovider"
142-->[com.google.firebase:firebase-common:21.0.0] AndroidManifest.xml:25:13-72
143            android:directBootAware="true"
143-->[com.google.firebase:firebase-common:21.0.0] AndroidManifest.xml:26:13-43
144            android:exported="false"
144-->[com.google.firebase:firebase-common:21.0.0] AndroidManifest.xml:27:13-37
145            android:initOrder="100" />
145-->[com.google.firebase:firebase-common:21.0.0] AndroidManifest.xml:28:13-36
146
147        <service
147-->[androidx.room:room-runtime:2.6.1] AndroidManifest.xml:24:9-28:63
148            android:name="androidx.room.MultiInstanceInvalidationService"
148-->[androidx.room:room-runtime:2.6.1] AndroidManifest.xml:25:13-74
149            android:directBootAware="true"
149-->[androidx.room:room-runtime:2.6.1] AndroidManifest.xml:26:13-43
150            android:exported="false" />
150-->[androidx.room:room-runtime:2.6.1] AndroidManifest.xml:27:13-37
151
152        <provider
152-->[androidx.work:work-runtime:2.10.0] AndroidManifest.xml:29:9-37:20
153            android:name="androidx.startup.InitializationProvider"
153-->[androidx.work:work-runtime:2.10.0] AndroidManifest.xml:30:13-67
154            android:authorities="com.kaze.androidx-startup"
154-->[androidx.work:work-runtime:2.10.0] AndroidManifest.xml:31:13-68
155            android:exported="false" >
155-->[androidx.work:work-runtime:2.10.0] AndroidManifest.xml:32:13-37
156            <meta-data
156-->[androidx.work:work-runtime:2.10.0] AndroidManifest.xml:34:13-36:52
157                android:name="androidx.work.WorkManagerInitializer"
157-->[androidx.work:work-runtime:2.10.0] AndroidManifest.xml:35:17-68
158                android:value="androidx.startup" />
158-->[androidx.work:work-runtime:2.10.0] AndroidManifest.xml:36:17-49
159            <meta-data
159-->[androidx.emoji2:emoji2:1.3.0] AndroidManifest.xml:29:13-31:52
160                android:name="androidx.emoji2.text.EmojiCompatInitializer"
160-->[androidx.emoji2:emoji2:1.3.0] AndroidManifest.xml:30:17-75
161                android:value="androidx.startup" />
161-->[androidx.emoji2:emoji2:1.3.0] AndroidManifest.xml:31:17-49
162            <meta-data
162-->[io.github.jan-tennert.supabase:auth-kt-android:3.0.2] AndroidManifest.xml:14:13-16:52
163                android:name="io.github.jan.supabase.auth.SupabaseInitializer"
163-->[io.github.jan-tennert.supabase:auth-kt-android:3.0.2] AndroidManifest.xml:15:17-79
164                android:value="androidx.startup" />
164-->[io.github.jan-tennert.supabase:auth-kt-android:3.0.2] AndroidManifest.xml:16:17-49
165            <meta-data
165-->[androidx.lifecycle:lifecycle-process:2.8.7] AndroidManifest.xml:29:13-31:52
166                android:name="androidx.lifecycle.ProcessLifecycleInitializer"
166-->[androidx.lifecycle:lifecycle-process:2.8.7] AndroidManifest.xml:30:17-78
167                android:value="androidx.startup" />
167-->[androidx.lifecycle:lifecycle-process:2.8.7] AndroidManifest.xml:31:17-49
168            <meta-data
168-->[androidx.profileinstaller:profileinstaller:1.4.0] AndroidManifest.xml:29:13-31:52
169                android:name="androidx.profileinstaller.ProfileInstallerInitializer"
169-->[androidx.profileinstaller:profileinstaller:1.4.0] AndroidManifest.xml:30:17-85
170                android:value="androidx.startup" />
170-->[androidx.profileinstaller:profileinstaller:1.4.0] AndroidManifest.xml:31:17-49
171            <meta-data
171-->[com.russhwolf:multiplatform-settings-no-arg-android:1.2.0] AndroidManifest.xml:29:13-31:52
172                android:name="com.russhwolf.settings.SettingsInitializer"
172-->[com.russhwolf:multiplatform-settings-no-arg-android:1.2.0] AndroidManifest.xml:30:17-74
173                android:value="androidx.startup" />
173-->[com.russhwolf:multiplatform-settings-no-arg-android:1.2.0] AndroidManifest.xml:31:17-49
174        </provider>
175
176        <service
176-->[androidx.work:work-runtime:2.10.0] AndroidManifest.xml:39:9-45:35
177            android:name="androidx.work.impl.background.systemalarm.SystemAlarmService"
177-->[androidx.work:work-runtime:2.10.0] AndroidManifest.xml:40:13-88
178            android:directBootAware="false"
178-->[androidx.work:work-runtime:2.10.0] AndroidManifest.xml:41:13-44
179            android:enabled="@bool/enable_system_alarm_service_default"
179-->[androidx.work:work-runtime:2.10.0] AndroidManifest.xml:42:13-72
180            android:exported="false" />
180-->[androidx.work:work-runtime:2.10.0] AndroidManifest.xml:43:13-37
181        <service
181-->[androidx.work:work-runtime:2.10.0] AndroidManifest.xml:46:9-52:35
182            android:name="androidx.work.impl.background.systemjob.SystemJobService"
182-->[androidx.work:work-runtime:2.10.0] AndroidManifest.xml:47:13-84
183            android:directBootAware="false"
183-->[androidx.work:work-runtime:2.10.0] AndroidManifest.xml:48:13-44
184            android:enabled="@bool/enable_system_job_service_default"
184-->[androidx.work:work-runtime:2.10.0] AndroidManifest.xml:49:13-70
185            android:exported="true"
185-->[androidx.work:work-runtime:2.10.0] AndroidManifest.xml:50:13-36
186            android:permission="android.permission.BIND_JOB_SERVICE" />
186-->[androidx.work:work-runtime:2.10.0] AndroidManifest.xml:51:13-69
187        <service
187-->[androidx.work:work-runtime:2.10.0] AndroidManifest.xml:53:9-59:35
188            android:name="androidx.work.impl.foreground.SystemForegroundService"
188-->[androidx.work:work-runtime:2.10.0] AndroidManifest.xml:54:13-81
189            android:directBootAware="false"
189-->[androidx.work:work-runtime:2.10.0] AndroidManifest.xml:55:13-44
190            android:enabled="@bool/enable_system_foreground_service_default"
190-->[androidx.work:work-runtime:2.10.0] AndroidManifest.xml:56:13-77
191            android:exported="false" />
191-->[androidx.work:work-runtime:2.10.0] AndroidManifest.xml:57:13-37
192
193        <receiver
193-->[androidx.work:work-runtime:2.10.0] AndroidManifest.xml:61:9-66:35
194            android:name="androidx.work.impl.utils.ForceStopRunnable$BroadcastReceiver"
194-->[androidx.work:work-runtime:2.10.0] AndroidManifest.xml:62:13-88
195            android:directBootAware="false"
195-->[androidx.work:work-runtime:2.10.0] AndroidManifest.xml:63:13-44
196            android:enabled="true"
196-->[androidx.work:work-runtime:2.10.0] AndroidManifest.xml:64:13-35
197            android:exported="false" />
197-->[androidx.work:work-runtime:2.10.0] AndroidManifest.xml:65:13-37
198        <receiver
198-->[androidx.work:work-runtime:2.10.0] AndroidManifest.xml:67:9-77:20
199            android:name="androidx.work.impl.background.systemalarm.ConstraintProxy$BatteryChargingProxy"
199-->[androidx.work:work-runtime:2.10.0] AndroidManifest.xml:68:13-106
200            android:directBootAware="false"
200-->[androidx.work:work-runtime:2.10.0] AndroidManifest.xml:69:13-44
201            android:enabled="false"
201-->[androidx.work:work-runtime:2.10.0] AndroidManifest.xml:70:13-36
202            android:exported="false" >
202-->[androidx.work:work-runtime:2.10.0] AndroidManifest.xml:71:13-37
203            <intent-filter>
203-->[androidx.work:work-runtime:2.10.0] AndroidManifest.xml:73:13-76:29
204                <action android:name="android.intent.action.ACTION_POWER_CONNECTED" />
204-->[androidx.work:work-runtime:2.10.0] AndroidManifest.xml:74:17-87
204-->[androidx.work:work-runtime:2.10.0] AndroidManifest.xml:74:25-84
205                <action android:name="android.intent.action.ACTION_POWER_DISCONNECTED" />
205-->[androidx.work:work-runtime:2.10.0] AndroidManifest.xml:75:17-90
205-->[androidx.work:work-runtime:2.10.0] AndroidManifest.xml:75:25-87
206            </intent-filter>
207        </receiver>
208        <receiver
208-->[androidx.work:work-runtime:2.10.0] AndroidManifest.xml:78:9-88:20
209            android:name="androidx.work.impl.background.systemalarm.ConstraintProxy$BatteryNotLowProxy"
209-->[androidx.work:work-runtime:2.10.0] AndroidManifest.xml:79:13-104
210            android:directBootAware="false"
210-->[androidx.work:work-runtime:2.10.0] AndroidManifest.xml:80:13-44
211            android:enabled="false"
211-->[androidx.work:work-runtime:2.10.0] AndroidManifest.xml:81:13-36
212            android:exported="false" >
212-->[androidx.work:work-runtime:2.10.0] AndroidManifest.xml:82:13-37
213            <intent-filter>
213-->[androidx.work:work-runtime:2.10.0] AndroidManifest.xml:84:13-87:29
214                <action android:name="android.intent.action.BATTERY_OKAY" />
214-->[androidx.work:work-runtime:2.10.0] AndroidManifest.xml:85:17-77
214-->[androidx.work:work-runtime:2.10.0] AndroidManifest.xml:85:25-74
215                <action android:name="android.intent.action.BATTERY_LOW" />
215-->[androidx.work:work-runtime:2.10.0] AndroidManifest.xml:86:17-76
215-->[androidx.work:work-runtime:2.10.0] AndroidManifest.xml:86:25-73
216            </intent-filter>
217        </receiver>
218        <receiver
218-->[androidx.work:work-runtime:2.10.0] AndroidManifest.xml:89:9-99:20
219            android:name="androidx.work.impl.background.systemalarm.ConstraintProxy$StorageNotLowProxy"
219-->[androidx.work:work-runtime:2.10.0] AndroidManifest.xml:90:13-104
220            android:directBootAware="false"
220-->[androidx.work:work-runtime:2.10.0] AndroidManifest.xml:91:13-44
221            android:enabled="false"
221-->[androidx.work:work-runtime:2.10.0] AndroidManifest.xml:92:13-36
222            android:exported="false" >
222-->[androidx.work:work-runtime:2.10.0] AndroidManifest.xml:93:13-37
223            <intent-filter>
223-->[androidx.work:work-runtime:2.10.0] AndroidManifest.xml:95:13-98:29
224                <action android:name="android.intent.action.DEVICE_STORAGE_LOW" />
224-->[androidx.work:work-runtime:2.10.0] AndroidManifest.xml:96:17-83
224-->[androidx.work:work-runtime:2.10.0] AndroidManifest.xml:96:25-80
225                <action android:name="android.intent.action.DEVICE_STORAGE_OK" />
225-->[androidx.work:work-runtime:2.10.0] AndroidManifest.xml:97:17-82
225-->[androidx.work:work-runtime:2.10.0] AndroidManifest.xml:97:25-79
226            </intent-filter>
227        </receiver>
228        <receiver
228-->[androidx.work:work-runtime:2.10.0] AndroidManifest.xml:100:9-109:20
229            android:name="androidx.work.impl.background.systemalarm.ConstraintProxy$NetworkStateProxy"
229-->[androidx.work:work-runtime:2.10.0] AndroidManifest.xml:101:13-103
230            android:directBootAware="false"
230-->[androidx.work:work-runtime:2.10.0] AndroidManifest.xml:102:13-44
231            android:enabled="false"
231-->[androidx.work:work-runtime:2.10.0] AndroidManifest.xml:103:13-36
232            android:exported="false" >
232-->[androidx.work:work-runtime:2.10.0] AndroidManifest.xml:104:13-37
233            <intent-filter>
233-->[androidx.work:work-runtime:2.10.0] AndroidManifest.xml:106:13-108:29
234                <action android:name="android.net.conn.CONNECTIVITY_CHANGE" />
234-->[androidx.work:work-runtime:2.10.0] AndroidManifest.xml:107:17-79
234-->[androidx.work:work-runtime:2.10.0] AndroidManifest.xml:107:25-76
235            </intent-filter>
236        </receiver>
237        <receiver
237-->[androidx.work:work-runtime:2.10.0] AndroidManifest.xml:110:9-121:20
238            android:name="androidx.work.impl.background.systemalarm.RescheduleReceiver"
238-->[androidx.work:work-runtime:2.10.0] AndroidManifest.xml:111:13-88
239            android:directBootAware="false"
239-->[androidx.work:work-runtime:2.10.0] AndroidManifest.xml:112:13-44
240            android:enabled="false"
240-->[androidx.work:work-runtime:2.10.0] AndroidManifest.xml:113:13-36
241            android:exported="false" >
241-->[androidx.work:work-runtime:2.10.0] AndroidManifest.xml:114:13-37
242            <intent-filter>
242-->[androidx.work:work-runtime:2.10.0] AndroidManifest.xml:116:13-120:29
243                <action android:name="android.intent.action.BOOT_COMPLETED" />
243-->[androidx.work:work-runtime:2.10.0] AndroidManifest.xml:117:17-79
243-->[androidx.work:work-runtime:2.10.0] AndroidManifest.xml:117:25-76
244                <action android:name="android.intent.action.TIME_SET" />
244-->[androidx.work:work-runtime:2.10.0] AndroidManifest.xml:118:17-73
244-->[androidx.work:work-runtime:2.10.0] AndroidManifest.xml:118:25-70
245                <action android:name="android.intent.action.TIMEZONE_CHANGED" />
245-->[androidx.work:work-runtime:2.10.0] AndroidManifest.xml:119:17-81
245-->[androidx.work:work-runtime:2.10.0] AndroidManifest.xml:119:25-78
246            </intent-filter>
247        </receiver>
248        <receiver
248-->[androidx.work:work-runtime:2.10.0] AndroidManifest.xml:122:9-131:20
249            android:name="androidx.work.impl.background.systemalarm.ConstraintProxyUpdateReceiver"
249-->[androidx.work:work-runtime:2.10.0] AndroidManifest.xml:123:13-99
250            android:directBootAware="false"
250-->[androidx.work:work-runtime:2.10.0] AndroidManifest.xml:124:13-44
251            android:enabled="@bool/enable_system_alarm_service_default"
251-->[androidx.work:work-runtime:2.10.0] AndroidManifest.xml:125:13-72
252            android:exported="false" >
252-->[androidx.work:work-runtime:2.10.0] AndroidManifest.xml:126:13-37
253            <intent-filter>
253-->[androidx.work:work-runtime:2.10.0] AndroidManifest.xml:128:13-130:29
254                <action android:name="androidx.work.impl.background.systemalarm.UpdateProxies" />
254-->[androidx.work:work-runtime:2.10.0] AndroidManifest.xml:129:17-98
254-->[androidx.work:work-runtime:2.10.0] AndroidManifest.xml:129:25-95
255            </intent-filter>
256        </receiver>
257        <receiver
257-->[androidx.work:work-runtime:2.10.0] AndroidManifest.xml:132:9-142:20
258            android:name="androidx.work.impl.diagnostics.DiagnosticsReceiver"
258-->[androidx.work:work-runtime:2.10.0] AndroidManifest.xml:133:13-78
259            android:directBootAware="false"
259-->[androidx.work:work-runtime:2.10.0] AndroidManifest.xml:134:13-44
260            android:enabled="true"
260-->[androidx.work:work-runtime:2.10.0] AndroidManifest.xml:135:13-35
261            android:exported="true"
261-->[androidx.work:work-runtime:2.10.0] AndroidManifest.xml:136:13-36
262            android:permission="android.permission.DUMP" >
262-->[androidx.work:work-runtime:2.10.0] AndroidManifest.xml:137:13-57
263            <intent-filter>
263-->[androidx.work:work-runtime:2.10.0] AndroidManifest.xml:139:13-141:29
264                <action android:name="androidx.work.diagnostics.REQUEST_DIAGNOSTICS" />
264-->[androidx.work:work-runtime:2.10.0] AndroidManifest.xml:140:17-88
264-->[androidx.work:work-runtime:2.10.0] AndroidManifest.xml:140:25-85
265            </intent-filter>
266        </receiver>
267
268        <meta-data
268-->[com.google.android.gms:play-services-basement:18.3.0] AndroidManifest.xml:21:9-23:69
269            android:name="com.google.android.gms.version"
269-->[com.google.android.gms:play-services-basement:18.3.0] AndroidManifest.xml:22:13-58
270            android:value="@integer/google_play_services_version" />
270-->[com.google.android.gms:play-services-basement:18.3.0] AndroidManifest.xml:23:13-66